========================================
Yuki Memory Space Sync
Time: 2026-02-01 06:00:00 CST
========================================

[1/8] 同步记忆文件...
  ✓ 记忆文件同步完成

[2/8] 同步技能配置...
  ✓ 技能配置同步完成

[3/8] 同步配置文件...
  ✓ 配置文件同步完成

[4/8] 同步项目文件...
  ✓ 项目文件同步完成

[5/8] 记录凭证索引...
  ✓ 凭证索引记录完成

[6/8] 生成同步状态...
  ✓ 同步状态已更新

[7/8] 生成同步报告...
  ✓ 同步报告已生成

[8/8] 提交到 Git...
[main 5651d92] Sync: 2026-02-01 06:00:00 CST
 3 files changed, 30 insertions(+), 3 deletions(-)
 create mode 100644 sync.log
  ✓ 已提交更改

========================================
同步完成！
========================================
========================================
Yuki Memory Space Sync
Time: 2026-02-02 06:00:00 CST
========================================

[1/8] 同步记忆文件...
  ✓ 记忆文件同步完成

[2/8] 同步技能配置...
  ✓ 技能配置同步完成

[3/8] 同步配置文件...
  ✓ 配置文件同步完成

[4/8] 同步项目文件...
  ✓ 项目文件同步完成

[5/8] 记录凭证索引...
  ✓ 凭证索引记录完成

[6/8] 生成同步状态...
  ✓ 同步状态已更新

[7/8] 生成同步报告...
  ✓ 同步报告已生成

[8/8] 提交到 Git...
[main c2e73de] Sync: 2026-02-02 06:00:00 CST
 3 files changed, 38 insertions(+), 3 deletions(-)
  ✓ 已提交更改

========================================
同步完成！
========================================
